app/build/intermediates/manifest_merge_blame_file/debug/manifest-merger-blame-debug-report.txt
1<?xml version="1.0" encoding="utf-8"?>
2<manifest xmlns:android="http://schemas.android.com/apk/res/android"
3    package="com.example.fish"
4    android:versionCode="1"
5    android:versionName="1.1" >
6
7    <uses-sdk
8        android:minSdkVersion="21"
8-->src\main\AndroidManifest.xml
9        android:targetSdkVersion="31" />
9-->src\main\AndroidManifest.xml
10
11    <queries package="com.example.fish" >
11-->src\main\AndroidManifest.xml:6:14-40
12        <intent>
12-->src\main\AndroidManifest.xml:7:9-9:18
13            <action android:name="android.media.action.IMAGE_CAPTURE" />
13-->src\main\AndroidManifest.xml:8:13-73
13-->src\main\AndroidManifest.xml:8:21-70
14        </intent>
15        <intent>
15-->src\main\AndroidManifest.xml:10:9-12:18
16            <action android:name="android.media.action.ACTION_VIDEO_CAPTURE" />
16-->src\main\AndroidManifest.xml:11:13-80
16-->src\main\AndroidManifest.xml:11:21-77
17        </intent>
18    </queries>
19
20    <uses-permission android:name="android.permission.ACCESS_COARSE_LOCATION" />
20-->[:base] AndroidManifest.xml:10:5-81
20-->[:base] AndroidManifest.xml:10:22-78
21    <uses-permission android:name="android.permission.ACCESS_FINE_LOCATION" />
21-->[:base] AndroidManifest.xml:11:5-79
21-->[:base] AndroidManifest.xml:11:22-76
22    <uses-permission android:name="android.permission.INTERNET" />
22-->[:base] AndroidManifest.xml:12:5-67
22-->[:base] AndroidManifest.xml:12:22-64
23    <uses-permission android:name="android.permission.READ_EXTERNAL_STORAGE" />
23-->[:base] AndroidManifest.xml:13:5-80
23-->[:base] AndroidManifest.xml:13:22-77
24    <uses-permission android:name="android.permission.WRITE_EXTERNAL_STORAGE" />
24-->[:base] AndroidManifest.xml:14:5-81
24-->[:base] AndroidManifest.xml:14:22-78
25    <uses-permission android:name="android.permission.MODIFY_AUDIO_SETTINGS" />
25-->[:base] AndroidManifest.xml:15:5-80
25-->[:base] AndroidManifest.xml:15:22-77
26    <uses-permission android:name="android.permission.MANAGE_EXTERNAL_STORAGE" />
26-->[:base] AndroidManifest.xml:16:5-18:40
26-->[:base] AndroidManifest.xml:17:9-66
27    <uses-permission android:name="android.permission.FOREGROUND_SERVICE" />
27-->[:base] AndroidManifest.xml:19:5-77
27-->[:base] AndroidManifest.xml:19:22-74
28    <uses-permission android:name="android.permission.CAMERA" />
28-->[:base] AndroidManifest.xml:20:5-65
28-->[:base] AndroidManifest.xml:20:22-62
29    <uses-permission android:name="android.permission.BLUETOOTH" />
29-->[:base] AndroidManifest.xml:21:5-68
29-->[:base] AndroidManifest.xml:21:22-65
30    <uses-permission android:name="android.permission.RECORD_AUDIO" />
30-->[:base] AndroidManifest.xml:22:5-71
30-->[:base] AndroidManifest.xml:22:22-68
31
32    <application
32-->src\main\AndroidManifest.xml:15:5-47:19
33        android:name="com.example.fish.FishApplication"
33-->src\main\AndroidManifest.xml:16:9-40
34        android:allowBackup="true"
34-->src\main\AndroidManifest.xml:17:9-35
35        android:appComponentFactory="androidx.core.app.CoreComponentFactory"
35-->[androidx.core:core:1.7.0] AndroidManifest.xml:24:18-86
36        android:dataExtractionRules="@xml/data_extraction_rules"
36-->src\main\AndroidManifest.xml:18:9-65
37        android:debuggable="true"
38        android:fullBackupContent="@xml/backup_rules"
38-->src\main\AndroidManifest.xml:19:9-54
39        android:icon="@mipmap/ic_launcher"
39-->src\main\AndroidManifest.xml:20:9-43
40        android:label="@string/app_name"
40-->src\main\AndroidManifest.xml:21:9-41
41        android:networkSecurityConfig="@xml/network_security_config"
41-->src\main\AndroidManifest.xml:22:9-69
42        android:requestLegacyExternalStorage="true"
42-->src\main\AndroidManifest.xml:23:9-52
43        android:roundIcon="@mipmap/ic_launcher_round"
43-->src\main\AndroidManifest.xml:24:9-54
44        android:supportsRtl="true"
44-->src\main\AndroidManifest.xml:25:9-35
45        android:testOnly="true"
46        android:theme="@style/Theme.Fish" >
46-->src\main\AndroidManifest.xml:26:9-42
47        <activity
47-->src\main\AndroidManifest.xml:28:9-30:40
48            android:name="com.example.fish.ui.person.SettingActivity"
48-->src\main\AndroidManifest.xml:29:13-54
49            android:exported="false" />
49-->src\main\AndroidManifest.xml:30:13-37
50        <activity
50-->src\main\AndroidManifest.xml:31:9-33:40
51            android:name="com.example.fish.ui.detail.DetailActivity"
51-->src\main\AndroidManifest.xml:32:13-53
52            android:exported="false" />
52-->src\main\AndroidManifest.xml:33:13-37
53        <activity
53-->src\main\AndroidManifest.xml:34:9-37:59
54            android:name="com.example.fish.ui.MainActivity"
54-->src\main\AndroidManifest.xml:35:13-44
55            android:exported="false"
55-->src\main\AndroidManifest.xml:36:13-37
56            android:windowSoftInputMode="adjustNothing" />
56-->src\main\AndroidManifest.xml:37:13-56
57        <activity
57-->src\main\AndroidManifest.xml:38:9-46:20
58            android:name="com.example.fish.ui.auth.LoginActivity"
58-->src\main\AndroidManifest.xml:39:13-50
59            android:exported="true" >
59-->src\main\AndroidManifest.xml:40:13-36
60            <intent-filter>
60-->src\main\AndroidManifest.xml:41:13-45:29
61                <action android:name="android.intent.action.MAIN" />
61-->src\main\AndroidManifest.xml:42:17-69
61-->src\main\AndroidManifest.xml:42:25-66
62
63                <category android:name="android.intent.category.LAUNCHER" />
63-->src\main\AndroidManifest.xml:44:17-77
63-->src\main\AndroidManifest.xml:44:27-74
64            </intent-filter>
65        </activity>
66
67        <service
67-->[androidx.room:room-runtime:2.4.3] AndroidManifest.xml:25:9-28:40
68            android:name="androidx.room.MultiInstanceInvalidationService"
68-->[androidx.room:room-runtime:2.4.3] AndroidManifest.xml:26:13-74
69            android:directBootAware="true"
69-->[androidx.room:room-runtime:2.4.3] AndroidManifest.xml:27:13-43
70            android:exported="false" />
70-->[androidx.room:room-runtime:2.4.3] AndroidManifest.xml:28:13-37
71
72        <provider
72-->[io.github.lucksiege:pictureselector:v3.10.6] AndroidManifest.xml:10:9-18:20
73            android:name="com.luck.picture.lib.basic.PictureFileProvider"
73-->[io.github.lucksiege:pictureselector:v3.10.6] AndroidManifest.xml:11:13-74
74            android:authorities="com.example.fish.luckProvider"
74-->[io.github.lucksiege:pictureselector:v3.10.6] AndroidManifest.xml:12:13-64
75            android:exported="false"
75-->[io.github.lucksiege:pictureselector:v3.10.6] AndroidManifest.xml:13:13-37
76            android:grantUriPermissions="true" >
76-->[io.github.lucksiege:pictureselector:v3.10.6] AndroidManifest.xml:14:13-47
77            <meta-data
77-->[io.github.lucksiege:pictureselector:v3.10.6] AndroidManifest.xml:15:13-17:57
78                android:name="android.support.FILE_PROVIDER_PATHS"
78-->[io.github.lucksiege:pictureselector:v3.10.6] AndroidManifest.xml:16:17-67
79                android:resource="@xml/ps_file_paths" />
79-->[io.github.lucksiege:pictureselector:v3.10.6] AndroidManifest.xml:17:17-54
80        </provider>
81
82        <service
82-->[io.github.lucksiege:pictureselector:v3.10.6] AndroidManifest.xml:20:9-23:56
83            android:name="com.luck.picture.lib.service.ForegroundService"
83-->[io.github.lucksiege:pictureselector:v3.10.6] AndroidManifest.xml:21:13-74
84            android:enabled="true"
84-->[io.github.lucksiege:pictureselector:v3.10.6] AndroidManifest.xml:22:13-35
85            android:foregroundServiceType="location" />
85-->[io.github.lucksiege:pictureselector:v3.10.6] AndroidManifest.xml:23:13-53
86
87        <activity
87-->[io.github.lucksiege:pictureselector:v3.10.6] AndroidManifest.xml:25:9-29:20
88            android:name="com.luck.picture.lib.basic.PictureSelectorSupporterActivity"
88-->[io.github.lucksiege:pictureselector:v3.10.6] AndroidManifest.xml:26:13-87
89            android:configChanges="orientation|keyboardHidden|screenSize"
89-->[io.github.lucksiege:pictureselector:v3.10.6] AndroidManifest.xml:27:13-74
90            android:theme="@style/Base.Theme.NoActionBar" >
90-->[io.github.lucksiege:pictureselector:v3.10.6] AndroidManifest.xml:28:13-58
91        </activity>
92        <activity
92-->[io.github.lucksiege:pictureselector:v3.10.6] AndroidManifest.xml:30:9-34:20
93            android:name="com.luck.picture.lib.basic.PictureSelectorTransparentActivity"
93-->[io.github.lucksiege:pictureselector:v3.10.6] AndroidManifest.xml:31:13-89
94            android:configChanges="orientation|keyboardHidden|screenSize"
94-->[io.github.lucksiege:pictureselector:v3.10.6] AndroidManifest.xml:32:13-74
95            android:theme="@style/Picture.Theme.Translucent" >
95-->[io.github.lucksiege:pictureselector:v3.10.6] AndroidManifest.xml:33:13-61
96        </activity>
97
98        <provider
98-->[androidx.emoji2:emoji2:1.0.0] AndroidManifest.xml:26:9-34:20
99            android:name="androidx.startup.InitializationProvider"
99-->[androidx.emoji2:emoji2:1.0.0] AndroidManifest.xml:27:13-67
100            android:authorities="com.example.fish.androidx-startup"
100-->[androidx.emoji2:emoji2:1.0.0] AndroidManifest.xml:28:13-68
101            android:exported="false" >
101-->[androidx.emoji2:emoji2:1.0.0] AndroidManifest.xml:29:13-37
102            <meta-data
102-->[androidx.emoji2:emoji2:1.0.0] AndroidManifest.xml:31:13-33:52
103                android:name="androidx.emoji2.text.EmojiCompatInitializer"
103-->[androidx.emoji2:emoji2:1.0.0] AndroidManifest.xml:32:17-75
104                android:value="androidx.startup" />
104-->[androidx.emoji2:emoji2:1.0.0] AndroidManifest.xml:33:17-49
105            <meta-data
105-->[androidx.lifecycle:lifecycle-process:2.4.0] AndroidManifest.xml:31:13-33:52
106                android:name="androidx.lifecycle.ProcessLifecycleInitializer"
106-->[androidx.lifecycle:lifecycle-process:2.4.0] AndroidManifest.xml:32:17-78
107                android:value="androidx.startup" />
107-->[androidx.lifecycle:lifecycle-process:2.4.0] AndroidManifest.xml:33:17-49
108        </provider>
109    </application>
110
111</manifest>